Server is running on port 5000
[SuperAdminStats][DB->API] {
  totalCompanies: 2,
  totalBranches: 6,
  combinedEmployees: 836,
  activeSubscriptions: 1,
  offboardedCompanies: 1,
  monthlyRevenue: 12999
}
[SuperAdminStats][DB->API] {
  totalCompanies: 2,
  totalBranches: 6,
  combinedEmployees: 836,
  activeSubscriptions: 1,
  offboardedCompanies: 1,
  monthlyRevenue: 12999
}
[SuperAdminStats][DB->API] {
  totalCompanies: 2,
  totalBranches: 6,
  combinedEmployees: 836,
  activeSubscriptions: 1,
  offboardedCompanies: 1,
  monthlyRevenue: 12999
}
[SuperAdminStats][DB->API] {
  totalCompanies: 2,
  totalBranches: 6,
  combinedEmployees: 836,
  activeSubscriptions: 1,
  offboardedCompanies: 1,
  monthlyRevenue: 12999
}
[SuperAdminStats][DB->API] {
  totalCompanies: 2,
  totalBranches: 6,
  combinedEmployees: 836,
  activeSubscriptions: 1,
  offboardedCompanies: 1,
  monthlyRevenue: 12999
}
[SuperAdminStats][DB->API] {
  totalCompanies: 2,
  totalBranches: 6,
  combinedEmployees: 836,
  activeSubscriptions: 1,
  offboardedCompanies: 1,
  monthlyRevenue: 12999
}
[SuperAdminStats][DB->API] {
  totalCompanies: 2,
  totalBranches: 6,
  combinedEmployees: 836,
  activeSubscriptions: 1,
  offboardedCompanies: 1,
  monthlyRevenue: 12999
}
[SuperAdminStats][DB->API] {
  totalCompanies: 2,
  totalBranches: 6,
  combinedEmployees: 836,
  activeSubscriptions: 1,
  offboardedCompanies: 1,
  monthlyRevenue: 12999
}
[SuperAdminStats][DB->API] {
  totalCompanies: 2,
  totalBranches: 6,
  combinedEmployees: 836,
  activeSubscriptions: 1,
  offboardedCompanies: 1,
  monthlyRevenue: 12999
}
[SuperAdminStats][DB->API] {
  totalCompanies: 2,
  totalBranches: 6,
  combinedEmployees: 836,
  activeSubscriptions: 1,
  offboardedCompanies: 1,
  monthlyRevenue: 12999
}
[SuperAdminStats][DB->API] {
  totalCompanies: 2,
  totalBranches: 6,
  combinedEmployees: 836,
  activeSubscriptions: 1,
  offboardedCompanies: 1,
  monthlyRevenue: 12999
}
[SuperAdminStats][DB->API] {
  totalCompanies: 2,
  totalBranches: 6,
  combinedEmployees: 836,
  activeSubscriptions: 1,
  offboardedCompanies: 1,
  monthlyRevenue: 12999
}
[SuperAdminStats][DB->API] {
  totalCompanies: 2,
  totalBranches: 6,
  combinedEmployees: 836,
  activeSubscriptions: 1,
  offboardedCompanies: 1,
  monthlyRevenue: 12999
}
[SuperAdminStats][DB->API] {
  totalCompanies: 2,
  totalBranches: 6,
  combinedEmployees: 836,
  activeSubscriptions: 1,
  offboardedCompanies: 1,
  monthlyRevenue: 12999
}
[SuperAdminStats][DB->API] {
  totalCompanies: 2,
  totalBranches: 6,
  combinedEmployees: 836,
  activeSubscriptions: 1,
  offboardedCompanies: 1,
  monthlyRevenue: 12999
}
[SuperAdminStats][DB->API] {
  totalCompanies: 2,
  totalBranches: 6,
  combinedEmployees: 836,
  activeSubscriptions: 1,
  offboardedCompanies: 1,
  monthlyRevenue: 12999
}
[SuperAdminStats][DB->API] {
  totalCompanies: 2,
  totalBranches: 6,
  combinedEmployees: 836,
  activeSubscriptions: 1,
  offboardedCompanies: 1,
  monthlyRevenue: 12999
}
[SuperAdminStats][DB->API] {
  totalCompanies: 2,
  totalBranches: 6,
  combinedEmployees: 836,
  activeSubscriptions: 1,
  offboardedCompanies: 1,
  monthlyRevenue: 12999
}
[SuperAdminStats][DB->API] {
  totalCompanies: 2,
  totalBranches: 6,
  combinedEmployees: 836,
  activeSubscriptions: 1,
  offboardedCompanies: 1,
  monthlyRevenue: 12999
}
[SuperAdminStats][DB->API] {
  totalCompanies: 2,
  totalBranches: 6,
  combinedEmployees: 836,
  activeSubscriptions: 1,
  offboardedCompanies: 1,
  monthlyRevenue: 12999
}
[SuperAdminStats][DB->API] {
  totalCompanies: 2,
  totalBranches: 6,
  combinedEmployees: 836,
  activeSubscriptions: 1,
  offboardedCompanies: 1,
  monthlyRevenue: 12999
}
[SuperAdminStats][DB->API] {
  totalCompanies: 2,
  totalBranches: 6,
  combinedEmployees: 836,
  activeSubscriptions: 1,
  offboardedCompanies: 1,
  monthlyRevenue: 12999
}
[SuperAdminStats][DB->API] {
  totalCompanies: 2,
  totalBranches: 6,
  combinedEmployees: 836,
  activeSubscriptions: 1,
  offboardedCompanies: 1,
  monthlyRevenue: 12999
}
[SuperAdminStats][DB->API] {
  totalCompanies: 2,
  totalBranches: 6,
  combinedEmployees: 836,
  activeSubscriptions: 1,
  offboardedCompanies: 1,
  monthlyRevenue: 12999
}
[SuperAdminStats][DB->API] {
  totalCompanies: 2,
  totalBranches: 6,
  combinedEmployees: 836,
  activeSubscriptions: 1,
  offboardedCompanies: 1,
  monthlyRevenue: 12999
}
[SuperAdminStats][DB->API] {
  totalCompanies: 2,
  totalBranches: 6,
  combinedEmployees: 836,
  activeSubscriptions: 1,
  offboardedCompanies: 1,
  monthlyRevenue: 12999
}
[SuperAdminStats][DB->API] {
  totalCompanies: 2,
  totalBranches: 6,
  combinedEmployees: 836,
  activeSubscriptions: 1,
  offboardedCompanies: 1,
  monthlyRevenue: 12999
}
[SuperAdminStats][DB->API] {
  totalCompanies: 2,
  totalBranches: 6,
  combinedEmployees: 836,
  activeSubscriptions: 1,
  offboardedCompanies: 1,
  monthlyRevenue: 12999
}
[SuperAdminStats][DB->API] {
  totalCompanies: 2,
  totalBranches: 6,
  combinedEmployees: 836,
  activeSubscriptions: 1,
  offboardedCompanies: 1,
  monthlyRevenue: 12999
}
[SuperAdminStats][DB->API] {
  totalCompanies: 2,
  totalBranches: 6,
  combinedEmployees: 836,
  activeSubscriptions: 1,
  offboardedCompanies: 1,
  monthlyRevenue: 12999
}
[SuperAdminStats][DB->API] {
  totalCompanies: 2,
  totalBranches: 6,
  combinedEmployees: 836,
  activeSubscriptions: 1,
  offboardedCompanies: 1,
  monthlyRevenue: 12999
}
[SuperAdminStats][DB->API] {
  totalCompanies: 2,
  totalBranches: 6,
  combinedEmployees: 836,
  activeSubscriptions: 1,
  offboardedCompanies: 1,
  monthlyRevenue: 12999
}
[SuperAdminStats][DB->API] {
  totalCompanies: 2,
  totalBranches: 6,
  combinedEmployees: 836,
  activeSubscriptions: 1,
  offboardedCompanies: 1,
  monthlyRevenue: 12999
}
[SuperAdminStats][DB->API] {
  totalCompanies: 2,
  totalBranches: 6,
  combinedEmployees: 836,
  activeSubscriptions: 1,
  offboardedCompanies: 1,
  monthlyRevenue: 12999
}
[SuperAdminStats][DB->API] {
  totalCompanies: 2,
  totalBranches: 6,
  combinedEmployees: 836,
  activeSubscriptions: 1,
  offboardedCompanies: 1,
  monthlyRevenue: 12999
}
[SuperAdminStats][DB->API] {
  totalCompanies: 2,
  totalBranches: 6,
  combinedEmployees: 836,
  activeSubscriptions: 1,
  offboardedCompanies: 1,
  monthlyRevenue: 12999
}
