Server is running on port 5000
[SuperAdminStats][DB->API] {
  totalCompanies: 2,
  totalBranches: 6,
  combinedEmployees: 841,
  activeSubscriptions: 1,
  offboardedCompanies: 1,
  monthlyRevenue: 12999
}
Error fetching PrismaClientValidationError: 
Invalid `prisma.document.findMany()` invocation in
C:\Users\HP\OneDrive\Desktop\enterprise-hrms-crm-application - Copy(d1)\backend\src\controllers\documentController.js:22:40

  19   whereClause.companyId = companyId;
  20 }
  21 
→ 22 const data = await prisma.document.findMany({
       where: {
         companyId: "c-bhavnagar"
                    ~~~~~~~~~~~~~
       }
     })

Argument `companyId`: Invalid value provided. Expected IntFilter or Int, provided String.
    at wn (C:\Users\HP\OneDrive\Desktop\enterprise-hrms-crm-application - Copy(d1)\backend\node_modules\@prisma\client\runtime\library.js:29:1363)
    at $n.handleRequestError (C:\Users\HP\OneDrive\Desktop\enterprise-hrms-crm-application - Copy(d1)\backend\node_modules\@prisma\client\runtime\library.js:121:6958)
    at $n.handleAndLogRequestError (C:\Users\HP\OneDrive\Desktop\enterprise-hrms-crm-application - Copy(d1)\backend\node_modules\@prisma\client\runtime\library.js:121:6623)
    at $n.request (C:\Users\HP\OneDrive\Desktop\enterprise-hrms-crm-application - Copy(d1)\backend\node_modules\@prisma\client\runtime\library.js:121:6307)
    at async l (C:\Users\HP\OneDrive\Desktop\enterprise-hrms-crm-application - Copy(d1)\backend\node_modules\@prisma\client\runtime\library.js:130:9633)
    at async exports.getAll (C:\Users\HP\OneDrive\Desktop\enterprise-hrms-crm-application - Copy(d1)\backend\src\controllers\documentController.js:22:18) {
  clientVersion: '5.22.0'
}
Error fetching branches: PrismaClientValidationError: 
Invalid `prisma.branch.findMany()` invocation in
C:\Users\HP\OneDrive\Desktop\enterprise-hrms-crm-application - Copy(d1)\backend\src\controllers\branchController.js:29:42

  26   whereClause.companyId = companyId;
  27 }
  28 
→ 29 const branches = await prisma.branch.findMany({
       where: {
         companyId: "c-bhavnagar"
                    ~~~~~~~~~~~~~
       },
       include: {
         company: {
           select: {
             name: true
           }
         }
       }
     })

Argument `companyId`: Invalid value provided. Expected IntFilter or Int, provided String.
    at wn (C:\Users\HP\OneDrive\Desktop\enterprise-hrms-crm-application - Copy(d1)\backend\node_modules\@prisma\client\runtime\library.js:29:1363)
    at $n.handleRequestError (C:\Users\HP\OneDrive\Desktop\enterprise-hrms-crm-application - Copy(d1)\backend\node_modules\@prisma\client\runtime\library.js:121:6958)
    at $n.handleAndLogRequestError (C:\Users\HP\OneDrive\Desktop\enterprise-hrms-crm-application - Copy(d1)\backend\node_modules\@prisma\client\runtime\library.js:121:6623)
    at $n.request (C:\Users\HP\OneDrive\Desktop\enterprise-hrms-crm-application - Copy(d1)\backend\node_modules\@prisma\client\runtime\library.js:121:6307)
    at async l (C:\Users\HP\OneDrive\Desktop\enterprise-hrms-crm-application - Copy(d1)\backend\node_modules\@prisma\client\runtime\library.js:130:9633)
    at async exports.getBranches (C:\Users\HP\OneDrive\Desktop\enterprise-hrms-crm-application - Copy(d1)\backend\src\controllers\branchController.js:29:22) {
  clientVersion: '5.22.0'
}
Error fetching employees: PrismaClientValidationError: 
Invalid `prisma.employee.findMany()` invocation in
C:\Users\HP\OneDrive\Desktop\enterprise-hrms-crm-application - Copy(d1)\backend\src\controllers\employeeController.js:33:45

  30   ];
  31 }
  32 
→ 33 const employees = await prisma.employee.findMany({
       where: {
         OR: [
           {
             companyId: "c-bhavnagar"
           },
           {
             branchId: "c-bhavnagar"
           }
         ]
       }
     })

Argument `companyId`: Invalid value provided. Expected IntFilter or Int, provided String.
    at wn (C:\Users\HP\OneDrive\Desktop\enterprise-hrms-crm-application - Copy(d1)\backend\node_modules\@prisma\client\runtime\library.js:29:1363)
    at $n.handleRequestError (C:\Users\HP\OneDrive\Desktop\enterprise-hrms-crm-application - Copy(d1)\backend\node_modules\@prisma\client\runtime\library.js:121:6958)
    at $n.handleAndLogRequestError (C:\Users\HP\OneDrive\Desktop\enterprise-hrms-crm-application - Copy(d1)\backend\node_modules\@prisma\client\runtime\library.js:121:6623)
    at $n.request (C:\Users\HP\OneDrive\Desktop\enterprise-hrms-crm-application - Copy(d1)\backend\node_modules\@prisma\client\runtime\library.js:121:6307)
    at async l (C:\Users\HP\OneDrive\Desktop\enterprise-hrms-crm-application - Copy(d1)\backend\node_modules\@prisma\client\runtime\library.js:130:9633)
    at async exports.getEmployees (C:\Users\HP\OneDrive\Desktop\enterprise-hrms-crm-application - Copy(d1)\backend\src\controllers\employeeController.js:33:23) {
  clientVersion: '5.22.0'
}
Error fetching PrismaClientValidationError: 
Invalid `prisma.employee.findMany()` invocation in
C:\Users\HP\OneDrive\Desktop\enterprise-hrms-crm-application - Copy(d1)\backend\src\controllers\payrollController.js:20:46

  17   }
  18 }
  19 
→ 20 const employeesRaw = await prisma.employee.findMany({
       where: {
         status: "Active",
         OR: [
           {
             companyId: "c-bhavnagar"
           },
           {
             branchId: "c-bhavnagar"
           }
         ]
       }
     })

Argument `companyId`: Invalid value provided. Expected IntFilter or Int, provided String.
    at wn (C:\Users\HP\OneDrive\Desktop\enterprise-hrms-crm-application - Copy(d1)\backend\node_modules\@prisma\client\runtime\library.js:29:1363)
    at $n.handleRequestError (C:\Users\HP\OneDrive\Desktop\enterprise-hrms-crm-application - Copy(d1)\backend\node_modules\@prisma\client\runtime\library.js:121:6958)
    at $n.handleAndLogRequestError (C:\Users\HP\OneDrive\Desktop\enterprise-hrms-crm-application - Copy(d1)\backend\node_modules\@prisma\client\runtime\library.js:121:6623)
    at $n.request (C:\Users\HP\OneDrive\Desktop\enterprise-hrms-crm-application - Copy(d1)\backend\node_modules\@prisma\client\runtime\library.js:121:6307)
    at async l (C:\Users\HP\OneDrive\Desktop\enterprise-hrms-crm-application - Copy(d1)\backend\node_modules\@prisma\client\runtime\library.js:130:9633)
    at async syncPayrollForEmployees (C:\Users\HP\OneDrive\Desktop\enterprise-hrms-crm-application - Copy(d1)\backend\src\controllers\payrollController.js:20:24)
    at async exports.getAll (C:\Users\HP\OneDrive\Desktop\enterprise-hrms-crm-application - Copy(d1)\backend\src\controllers\payrollController.js:140:5) {
  clientVersion: '5.22.0'
}
Error fetching PrismaClientValidationError: 
Invalid `prisma.leaveRequest.findMany()` invocation in
C:\Users\HP\OneDrive\Desktop\enterprise-hrms-crm-application - Copy(d1)\backend\src\controllers\leaveController.js:40:44

  37   };
  38 }
  39 
→ 40 const data = await prisma.leaveRequest.findMany({
       where: {
         OR: [
           {
             companyId: "c-bhavnagar"
           },
           {
             employee: {
               branchId: "c-bhavnagar"
             }
           },
           {
             employee: {
               companyId: "c-bhavnagar"
             }
           }
         ]
       }
     })

Argument `companyId`: Invalid value provided. Expected IntFilter or Int, provided String.
    at wn (C:\Users\HP\OneDrive\Desktop\enterprise-hrms-crm-application - Copy(d1)\backend\node_modules\@prisma\client\runtime\library.js:29:1363)
    at $n.handleRequestError (C:\Users\HP\OneDrive\Desktop\enterprise-hrms-crm-application - Copy(d1)\backend\node_modules\@prisma\client\runtime\library.js:121:6958)
    at $n.handleAndLogRequestError (C:\Users\HP\OneDrive\Desktop\enterprise-hrms-crm-application - Copy(d1)\backend\node_modules\@prisma\client\runtime\library.js:121:6623)
    at $n.request (C:\Users\HP\OneDrive\Desktop\enterprise-hrms-crm-application - Copy(d1)\backend\node_modules\@prisma\client\runtime\library.js:121:6307)
    at async l (C:\Users\HP\OneDrive\Desktop\enterprise-hrms-crm-application - Copy(d1)\backend\node_modules\@prisma\client\runtime\library.js:130:9633)
    at async exports.getAll (C:\Users\HP\OneDrive\Desktop\enterprise-hrms-crm-application - Copy(d1)\backend\src\controllers\leaveController.js:40:18) {
  clientVersion: '5.22.0'
}
Error fetching branches: PrismaClientValidationError: 
Invalid `prisma.branch.findMany()` invocation in
C:\Users\HP\OneDrive\Desktop\enterprise-hrms-crm-application - Copy(d1)\backend\src\controllers\branchController.js:29:42

  26   whereClause.companyId = companyId;
  27 }
  28 
→ 29 const branches = await prisma.branch.findMany({
       where: {
         companyId: "c-bhavnagar"
                    ~~~~~~~~~~~~~
       },
       include: {
         company: {
           select: {
             name: true
           }
         }
       }
     })

Argument `companyId`: Invalid value provided. Expected IntFilter or Int, provided String.
    at wn (C:\Users\HP\OneDrive\Desktop\enterprise-hrms-crm-application - Copy(d1)\backend\node_modules\@prisma\client\runtime\library.js:29:1363)
    at $n.handleRequestError (C:\Users\HP\OneDrive\Desktop\enterprise-hrms-crm-application - Copy(d1)\backend\node_modules\@prisma\client\runtime\library.js:121:6958)
    at $n.handleAndLogRequestError (C:\Users\HP\OneDrive\Desktop\enterprise-hrms-crm-application - Copy(d1)\backend\node_modules\@prisma\client\runtime\library.js:121:6623)
    at $n.request (C:\Users\HP\OneDrive\Desktop\enterprise-hrms-crm-application - Copy(d1)\backend\node_modules\@prisma\client\runtime\library.js:121:6307)
    at async l (C:\Users\HP\OneDrive\Desktop\enterprise-hrms-crm-application - Copy(d1)\backend\node_modules\@prisma\client\runtime\library.js:130:9633)
    at async exports.getBranches (C:\Users\HP\OneDrive\Desktop\enterprise-hrms-crm-application - Copy(d1)\backend\src\controllers\branchController.js:29:22) {
  clientVersion: '5.22.0'
}
Error fetching PrismaClientValidationError: 
Invalid `prisma.attendance.findMany()` invocation in
C:\Users\HP\OneDrive\Desktop\enterprise-hrms-crm-application - Copy(d1)\backend\src\controllers\attendanceController.js:22:42

  19   whereClause.companyId = companyId;
  20 }
  21 
→ 22 const data = await prisma.attendance.findMany({
       where: {
         companyId: "c-bhavnagar"
                    ~~~~~~~~~~~~~
       }
     })

Argument `companyId`: Invalid value provided. Expected IntFilter or Int, provided String.
    at wn (C:\Users\HP\OneDrive\Desktop\enterprise-hrms-crm-application - Copy(d1)\backend\node_modules\@prisma\client\runtime\library.js:29:1363)
    at $n.handleRequestError (C:\Users\HP\OneDrive\Desktop\enterprise-hrms-crm-application - Copy(d1)\backend\node_modules\@prisma\client\runtime\library.js:121:6958)
    at $n.handleAndLogRequestError (C:\Users\HP\OneDrive\Desktop\enterprise-hrms-crm-application - Copy(d1)\backend\node_modules\@prisma\client\runtime\library.js:121:6623)
    at $n.request (C:\Users\HP\OneDrive\Desktop\enterprise-hrms-crm-application - Copy(d1)\backend\node_modules\@prisma\client\runtime\library.js:121:6307)
    at async l (C:\Users\HP\OneDrive\Desktop\enterprise-hrms-crm-application - Copy(d1)\backend\node_modules\@prisma\client\runtime\library.js:130:9633)
    at async exports.getAll (C:\Users\HP\OneDrive\Desktop\enterprise-hrms-crm-application - Copy(d1)\backend\src\controllers\attendanceController.js:22:18) {
  clientVersion: '5.22.0'
}
Error fetching PrismaClientValidationError: 
Invalid `prisma.employee.findMany()` invocation in
C:\Users\HP\OneDrive\Desktop\enterprise-hrms-crm-application - Copy(d1)\backend\src\controllers\payrollController.js:20:46

  17   }
  18 }
  19 
→ 20 const employeesRaw = await prisma.employee.findMany({
       where: {
         status: "Active",
         OR: [
           {
             companyId: "c-bhavnagar"
           },
           {
             branchId: "c-bhavnagar"
           }
         ]
       }
     })

Argument `companyId`: Invalid value provided. Expected IntFilter or Int, provided String.
    at wn (C:\Users\HP\OneDrive\Desktop\enterprise-hrms-crm-application - Copy(d1)\backend\node_modules\@prisma\client\runtime\library.js:29:1363)
    at $n.handleRequestError (C:\Users\HP\OneDrive\Desktop\enterprise-hrms-crm-application - Copy(d1)\backend\node_modules\@prisma\client\runtime\library.js:121:6958)
    at $n.handleAndLogRequestError (C:\Users\HP\OneDrive\Desktop\enterprise-hrms-crm-application - Copy(d1)\backend\node_modules\@prisma\client\runtime\library.js:121:6623)
    at $n.request (C:\Users\HP\OneDrive\Desktop\enterprise-hrms-crm-application - Copy(d1)\backend\node_modules\@prisma\client\runtime\library.js:121:6307)
    at async l (C:\Users\HP\OneDrive\Desktop\enterprise-hrms-crm-application - Copy(d1)\backend\node_modules\@prisma\client\runtime\library.js:130:9633)
    at async syncPayrollForEmployees (C:\Users\HP\OneDrive\Desktop\enterprise-hrms-crm-application - Copy(d1)\backend\src\controllers\payrollController.js:20:24)
    at async exports.getAll (C:\Users\HP\OneDrive\Desktop\enterprise-hrms-crm-application - Copy(d1)\backend\src\controllers\payrollController.js:140:5) {
  clientVersion: '5.22.0'
}
Error fetching PrismaClientValidationError: 
Invalid `prisma.leaveRequest.findMany()` invocation in
C:\Users\HP\OneDrive\Desktop\enterprise-hrms-crm-application - Copy(d1)\backend\src\controllers\leaveController.js:40:44

  37   };
  38 }
  39 
→ 40 const data = await prisma.leaveRequest.findMany({
       where: {
         OR: [
           {
             companyId: "c-bhavnagar"
           },
           {
             employee: {
               branchId: "c-bhavnagar"
             }
           },
           {
             employee: {
               companyId: "c-bhavnagar"
             }
           }
         ]
       }
     })

Argument `companyId`: Invalid value provided. Expected IntFilter or Int, provided String.
    at wn (C:\Users\HP\OneDrive\Desktop\enterprise-hrms-crm-application - Copy(d1)\backend\node_modules\@prisma\client\runtime\library.js:29:1363)
    at $n.handleRequestError (C:\Users\HP\OneDrive\Desktop\enterprise-hrms-crm-application - Copy(d1)\backend\node_modules\@prisma\client\runtime\library.js:121:6958)
    at $n.handleAndLogRequestError (C:\Users\HP\OneDrive\Desktop\enterprise-hrms-crm-application - Copy(d1)\backend\node_modules\@prisma\client\runtime\library.js:121:6623)
    at $n.request (C:\Users\HP\OneDrive\Desktop\enterprise-hrms-crm-application - Copy(d1)\backend\node_modules\@prisma\client\runtime\library.js:121:6307)
    at async l (C:\Users\HP\OneDrive\Desktop\enterprise-hrms-crm-application - Copy(d1)\backend\node_modules\@prisma\client\runtime\library.js:130:9633)
    at async exports.getAll (C:\Users\HP\OneDrive\Desktop\enterprise-hrms-crm-application - Copy(d1)\backend\src\controllers\leaveController.js:40:18) {
  clientVersion: '5.22.0'
}
Error fetching employees: PrismaClientValidationError: 
Invalid `prisma.employee.findMany()` invocation in
C:\Users\HP\OneDrive\Desktop\enterprise-hrms-crm-application - Copy(d1)\backend\src\controllers\employeeController.js:33:45

  30   ];
  31 }
  32 
→ 33 const employees = await prisma.employee.findMany({
       where: {
         OR: [
           {
             companyId: "c-bhavnagar"
           },
           {
             branchId: "c-bhavnagar"
           }
         ]
       }
     })

Argument `companyId`: Invalid value provided. Expected IntFilter or Int, provided String.
    at wn (C:\Users\HP\OneDrive\Desktop\enterprise-hrms-crm-application - Copy(d1)\backend\node_modules\@prisma\client\runtime\library.js:29:1363)
    at $n.handleRequestError (C:\Users\HP\OneDrive\Desktop\enterprise-hrms-crm-application - Copy(d1)\backend\node_modules\@prisma\client\runtime\library.js:121:6958)
    at $n.handleAndLogRequestError (C:\Users\HP\OneDrive\Desktop\enterprise-hrms-crm-application - Copy(d1)\backend\node_modules\@prisma\client\runtime\library.js:121:6623)
    at $n.request (C:\Users\HP\OneDrive\Desktop\enterprise-hrms-crm-application - Copy(d1)\backend\node_modules\@prisma\client\runtime\library.js:121:6307)
    at async l (C:\Users\HP\OneDrive\Desktop\enterprise-hrms-crm-application - Copy(d1)\backend\node_modules\@prisma\client\runtime\library.js:130:9633)
    at async exports.getEmployees (C:\Users\HP\OneDrive\Desktop\enterprise-hrms-crm-application - Copy(d1)\backend\src\controllers\employeeController.js:33:23) {
  clientVersion: '5.22.0'
}
Error fetching PrismaClientValidationError: 
Invalid `prisma.document.findMany()` invocation in
C:\Users\HP\OneDrive\Desktop\enterprise-hrms-crm-application - Copy(d1)\backend\src\controllers\documentController.js:22:40

  19   whereClause.companyId = companyId;
  20 }
  21 
→ 22 const data = await prisma.document.findMany({
       where: {
         companyId: "c-bhavnagar"
                    ~~~~~~~~~~~~~
       }
     })

Argument `companyId`: Invalid value provided. Expected IntFilter or Int, provided String.
    at wn (C:\Users\HP\OneDrive\Desktop\enterprise-hrms-crm-application - Copy(d1)\backend\node_modules\@prisma\client\runtime\library.js:29:1363)
    at $n.handleRequestError (C:\Users\HP\OneDrive\Desktop\enterprise-hrms-crm-application - Copy(d1)\backend\node_modules\@prisma\client\runtime\library.js:121:6958)
    at $n.handleAndLogRequestError (C:\Users\HP\OneDrive\Desktop\enterprise-hrms-crm-application - Copy(d1)\backend\node_modules\@prisma\client\runtime\library.js:121:6623)
    at $n.request (C:\Users\HP\OneDrive\Desktop\enterprise-hrms-crm-application - Copy(d1)\backend\node_modules\@prisma\client\runtime\library.js:121:6307)
    at async l (C:\Users\HP\OneDrive\Desktop\enterprise-hrms-crm-application - Copy(d1)\backend\node_modules\@prisma\client\runtime\library.js:130:9633)
    at async exports.getAll (C:\Users\HP\OneDrive\Desktop\enterprise-hrms-crm-application - Copy(d1)\backend\src\controllers\documentController.js:22:18) {
  clientVersion: '5.22.0'
}
Error fetching PrismaClientValidationError: 
Invalid `prisma.attendance.findMany()` invocation in
C:\Users\HP\OneDrive\Desktop\enterprise-hrms-crm-application - Copy(d1)\backend\src\controllers\attendanceController.js:22:42

  19   whereClause.companyId = companyId;
  20 }
  21 
→ 22 const data = await prisma.attendance.findMany({
       where: {
         companyId: "c-bhavnagar"
                    ~~~~~~~~~~~~~
       }
     })

Argument `companyId`: Invalid value provided. Expected IntFilter or Int, provided String.
    at wn (C:\Users\HP\OneDrive\Desktop\enterprise-hrms-crm-application - Copy(d1)\backend\node_modules\@prisma\client\runtime\library.js:29:1363)
    at $n.handleRequestError (C:\Users\HP\OneDrive\Desktop\enterprise-hrms-crm-application - Copy(d1)\backend\node_modules\@prisma\client\runtime\library.js:121:6958)
    at $n.handleAndLogRequestError (C:\Users\HP\OneDrive\Desktop\enterprise-hrms-crm-application - Copy(d1)\backend\node_modules\@prisma\client\runtime\library.js:121:6623)
    at $n.request (C:\Users\HP\OneDrive\Desktop\enterprise-hrms-crm-application - Copy(d1)\backend\node_modules\@prisma\client\runtime\library.js:121:6307)
    at async l (C:\Users\HP\OneDrive\Desktop\enterprise-hrms-crm-application - Copy(d1)\backend\node_modules\@prisma\client\runtime\library.js:130:9633)
    at async exports.getAll (C:\Users\HP\OneDrive\Desktop\enterprise-hrms-crm-application - Copy(d1)\backend\src\controllers\attendanceController.js:22:18) {
  clientVersion: '5.22.0'
}
[SuperAdminStats][DB->API] {
  totalCompanies: 2,
  totalBranches: 6,
  combinedEmployees: 841,
  activeSubscriptions: 1,
  offboardedCompanies: 1,
  monthlyRevenue: 12999
}
[SuperAdminStats][DB->API] {
  totalCompanies: 2,
  totalBranches: 6,
  combinedEmployees: 841,
  activeSubscriptions: 1,
  offboardedCompanies: 1,
  monthlyRevenue: 12999
}
[SuperAdminStats][DB->API] {
  totalCompanies: 2,
  totalBranches: 6,
  combinedEmployees: 841,
  activeSubscriptions: 1,
  offboardedCompanies: 1,
  monthlyRevenue: 12999
}
[SuperAdminStats][DB->API] {
  totalCompanies: 2,
  totalBranches: 6,
  combinedEmployees: 841,
  activeSubscriptions: 1,
  offboardedCompanies: 1,
  monthlyRevenue: 12999
}
